[1.012s] Invoking command in '/home/user/ros2_ws/build/my_robot_controller': PYTHONPATH=/home/user/ros2_ws/build/my_robot_controller/prefix_override:/usr/lib/python3/dist-packages/colcon_core/task/python/colcon_distutils_commands:/home/user/ros2_ws/install/my_robot_controller/lib/python3.10/site-packages:${PYTHONPATH} /usr/bin/python3 -W ignore:setup.py install is deprecated -W ignore:easy_install command is deprecated setup.py develop --editable --build-directory /home/user/ros2_ws/build/my_robot_controller/build --no-deps symlink_data
[1.404s] running develop
[1.634s] running egg_info
[1.635s] writing my_robot_controller.egg-info/PKG-INFO
[1.636s] writing dependency_links to my_robot_controller.egg-info/dependency_links.txt
[1.637s] writing entry points to my_robot_controller.egg-info/entry_points.txt
[1.638s] writing requirements to my_robot_controller.egg-info/requires.txt
[1.638s] writing top-level names to my_robot_controller.egg-info/top_level.txt
[1.646s] reading manifest file 'my_robot_controller.egg-info/SOURCES.txt'
[1.649s] writing manifest file 'my_robot_controller.egg-info/SOURCES.txt'
[1.655s] running build_ext
[1.655s] Creating /home/user/ros2_ws/install/my_robot_controller/lib/python3.10/site-packages/my-robot-controller.egg-link (link to .)
[1.659s] Installing draw_circle script to /home/user/ros2_ws/install/my_robot_controller/lib/my_robot_controller
[1.659s] Installing pose_subscriber script to /home/user/ros2_ws/install/my_robot_controller/lib/my_robot_controller
[1.660s] Installing test_node script to /home/user/ros2_ws/install/my_robot_controller/lib/my_robot_controller
[1.660s] Installing turtle_controller script to /home/user/ros2_ws/install/my_robot_controller/lib/my_robot_controller
[1.661s] 
[1.661s] Installed /home/user/ros2_ws/build/my_robot_controller
[1.661s] running symlink_data
[1.713s] Invoked command in '/home/user/ros2_ws/build/my_robot_controller' returned '0': PYTHONPATH=/home/user/ros2_ws/build/my_robot_controller/prefix_override:/usr/lib/python3/dist-packages/colcon_core/task/python/colcon_distutils_commands:/home/user/ros2_ws/install/my_robot_controller/lib/python3.10/site-packages:${PYTHONPATH} /usr/bin/python3 -W ignore:setup.py install is deprecated -W ignore:easy_install command is deprecated setup.py develop --editable --build-directory /home/user/ros2_ws/build/my_robot_controller/build --no-deps symlink_data
