[0.928s] Invoking command in '/home/user/ros2_ws/build/my_robot_controller': PYTHONPATH=/home/user/ros2_ws/build/my_robot_controller/prefix_override:/usr/lib/python3/dist-packages/colcon_core/task/python/colcon_distutils_commands:/home/user/ros2_ws/install/my_robot_controller/lib/python3.10/site-packages:${PYTHONPATH} /usr/bin/python3 -W ignore:setup.py install is deprecated -W ignore:easy_install command is deprecated setup.py develop --editable --build-directory /home/user/ros2_ws/build/my_robot_controller/build --no-deps symlink_data
[1.312s] running develop
[1.549s] running egg_info
[1.549s] writing my_robot_controller.egg-info/PKG-INFO
[1.551s] writing dependency_links to my_robot_controller.egg-info/dependency_links.txt
[1.551s] writing entry points to my_robot_controller.egg-info/entry_points.txt
[1.554s] writing requirements to my_robot_controller.egg-info/requires.txt
[1.554s] writing top-level names to my_robot_controller.egg-info/top_level.txt
[1.560s] reading manifest file 'my_robot_controller.egg-info/SOURCES.txt'
[1.561s] writing manifest file 'my_robot_controller.egg-info/SOURCES.txt'
[1.564s] running build_ext
[1.564s] Creating /home/user/ros2_ws/install/my_robot_controller/lib/python3.10/site-packages/my-robot-controller.egg-link (link to .)
[1.567s] Installing draw_circle script to /home/user/ros2_ws/install/my_robot_controller/lib/my_robot_controller
[1.567s] Installing pose_subscriber script to /home/user/ros2_ws/install/my_robot_controller/lib/my_robot_controller
[1.567s] Installing test_node script to /home/user/ros2_ws/install/my_robot_controller/lib/my_robot_controller
[1.568s] Installing turtle_controller script to /home/user/ros2_ws/install/my_robot_controller/lib/my_robot_controller
[1.569s] 
[1.570s] Installed /home/user/ros2_ws/build/my_robot_controller
[1.570s] running symlink_data
[1.620s] Invoked command in '/home/user/ros2_ws/build/my_robot_controller' returned '0': PYTHONPATH=/home/user/ros2_ws/build/my_robot_controller/prefix_override:/usr/lib/python3/dist-packages/colcon_core/task/python/colcon_distutils_commands:/home/user/ros2_ws/install/my_robot_controller/lib/python3.10/site-packages:${PYTHONPATH} /usr/bin/python3 -W ignore:setup.py install is deprecated -W ignore:easy_install command is deprecated setup.py develop --editable --build-directory /home/user/ros2_ws/build/my_robot_controller/build --no-deps symlink_data
